<?xml version="1.0" encoding="UTF-8"?>
<!-- Generated by org.testng.reporters.JUnitXMLReporter -->
<testsuite hostname="DESKTOP-FL8948R" ignored="0" name="Newtours" tests="4" failures="1" timestamp="04 Aug 2019 12:06:43 GMT" time="39.698" errors="0">
  <testcase name="registerUserdetails" time="8.65" classname="com.Newtours.Tests.Testcases"/>
  <testcase name="login" time="3.22" classname="com.Newtours.Tests.Testcases"/>
  <testcase name="bookFlightdetails" time="7.635" classname="com.Newtours.Tests.Testcases"/>
  <testcase name="invalidLogin" time="2.292" classname="com.Newtours.Tests.Testcases">
    <failure type="java.lang.AssertionError" message="expected [http://newtours.demoaut.com/mercuryreservation.php] but found [http://newtours.demoaut.com/mercurysignon.php]">
      <![CDATA[java.lang.AssertionError: expected [http://newtours.demoaut.com/mercuryreservation.php] but found [http://newtours.demoaut.com/mercurysignon.php]
at com.Newtours.Pages.LoginPage.performLogin(LoginPage.java:46)
at com.Newtours.Tests.Testcases.invalidLogin(Testcases.java:72)
... Removed 31 stack frames]]>
    </failure>
  </testcase> <!-- invalidLogin -->
</testsuite> <!-- Newtours -->
